<?xml version="1.0" encoding="UTF-8"?>
<!-- Generated by org.testng.reporters.JUnitReportReporter -->
<testsuite hostname="DESKTOP-GDMII1S" failures="0" tests="2" name="com.automation.test.LoginTest" time="7.165" errors="0" timestamp="29 Apr 2021 17:40:03 GMT" skipped="0">
  <testcase classname="com.automation.test.LoginTest" name="loginSuccess" time="3.059"/>
  <testcase classname="com.automation.test.LoginTest" name="LoginFailure" time="4.106"/>
</testsuite> <!-- com.automation.test.LoginTest -->
