<?xml version="1.0" encoding="UTF-8"?>
<!-- Generated by org.testng.reporters.JUnitReportReporter -->
<testsuite hostname="DESKTOP-GDMII1S" failures="0" tests="1" name="com.automation.test.BrokenLink" time="96.938" errors="0" timestamp="2021-05-23T21:48:45 IST" skipped="0">
  <testcase classname="com.automation.test.BrokenLink" name="brokenlink" time="96.938"/>
  <system-out/>
</testsuite> <!-- com.automation.test.BrokenLink -->
