<?xml version="1.0" encoding="UTF-8"?>
<!-- Generated by org.testng.reporters.JUnitReportReporter -->
<testsuite hostname="DESKTOP-GDMII1S" failures="0" tests="1" name="com.automation.test.DynamicLoading" time="7.290" errors="0" timestamp="2021-05-01T12:16:19 IST" skipped="0">
  <testcase classname="com.automation.test.DynamicLoading" name="DynamicLoadingTest" time="7.290"/>
  <system-out/>
</testsuite> <!-- com.automation.test.DynamicLoading -->
