<?xml version="1.0" encoding="UTF-8"?>
<!-- Generated by org.testng.reporters.JUnitReportReporter -->
<testsuite hostname="DESKTOP-GDMII1S" failures="0" tests="1" name="com.automation.test.SoftAssertion" time="0.008" errors="0" timestamp="2021-06-20T15:05:16 IST" skipped="0">
  <testcase classname="com.automation.test.SoftAssertion" name="test" time="0.008"/>
  <system-out/>
</testsuite> <!-- com.automation.test.SoftAssertion -->
