<?xml version="1.0" encoding="UTF-8"?>
<!-- Generated by org.testng.reporters.JUnitReportReporter -->
<testsuite hostname="DESKTOP-GDMII1S" failures="0" tests="2" name="com.automation.test.LoginTest" time="4.922" errors="0" timestamp="2021-05-01T12:16:19 IST" skipped="0">
  <testcase classname="com.automation.test.LoginTest" name="loginSuccess" time="2.467"/>
  <system-out/>
  <testcase classname="com.automation.test.LoginTest" name="LoginFailure" time="2.455"/>
  <system-out/>
</testsuite> <!-- com.automation.test.LoginTest -->
