<?xml version="1.0" encoding="UTF-8"?>
<!-- Generated by org.testng.reporters.JUnitReportReporter -->
<testsuite hostname="DESKTOP-GDMII1S" failures="0" tests="1" name="com.automation.test.FileDownload" time="10.844" errors="0" timestamp="2021-05-28T09:12:47 IST" skipped="0">
  <testcase classname="com.automation.test.FileDownload" name="FileDownLoadTest" time="10.844"/>
  <system-out/>
</testsuite> <!-- com.automation.test.FileDownload -->
