<?xml version="1.0" encoding="UTF-8"?>
<!-- Generated by org.testng.reporters.JUnitReportReporter -->
<testsuite hostname="DESKTOP-GDMII1S" failures="0" tests="1" name="com.automation.test.JavaScriptError" time="22.655" errors="0" timestamp="2021-05-01T14:17:24 IST" skipped="0">
  <testcase classname="com.automation.test.JavaScriptError" name="JavaScriptErrorTest" time="22.655"/>
  <system-out/>
</testsuite> <!-- com.automation.test.JavaScriptError -->
