<?xml version="1.0" encoding="UTF-8"?>
<!-- Generated by org.testng.reporters.JUnitReportReporter -->
<testsuite hostname="DESKTOP-GDMII1S" failures="0" tests="1" name="com.automation.test.DynamicControls" time="139.846" errors="0" timestamp="2021-05-01T12:16:19 IST" skipped="0">
  <testcase classname="com.automation.test.DynamicControls" name="DynamicControlTest" time="139.846"/>
  <system-out/>
</testsuite> <!-- com.automation.test.DynamicControls -->
