<?xml version="1.0" encoding="UTF-8"?>
<!-- Generated by org.testng.reporters.JUnitReportReporter -->
<testsuite hostname="DESKTOP-GDMII1S" failures="0" tests="1" name="com.automation.test.DragandDrop" time="7.805" errors="0" timestamp="2021-05-01T13:34:02 IST" skipped="0">
  <testcase classname="com.automation.test.DragandDrop" name="DragDrop" time="7.805"/>
  <system-out/>
</testsuite> <!-- com.automation.test.DragandDrop -->
