<?xml version="1.0" encoding="UTF-8"?>
<!-- Generated by org.testng.reporters.JUnitReportReporter -->
<testsuite hostname="DESKTOP-GDMII1S" failures="0" tests="2" name="com.automation.test.LoginTest" time="12.866" errors="0" timestamp="2021-06-06T10:52:29 IST" skipped="0">
  <testcase classname="com.automation.test.LoginTest" name="LoginFailure" time="3.070"/>
  <system-out/>
  <testcase classname="com.automation.test.LoginTest" name="loginSuccess" time="9.796"/>
  <system-out/>
</testsuite> <!-- com.automation.test.LoginTest -->
