<?xml version="1.0" encoding="UTF-8"?>
<!-- Generated by org.testng.reporters.JUnitReportReporter -->
<testsuite hostname="DESKTOP-GDMII1S" failures="0" tests="1" name="com.automation.test.NotificationMessage" time="2.567" errors="0" timestamp="2021-05-01T12:16:19 IST" skipped="0">
  <testcase classname="com.automation.test.NotificationMessage" name="NotificationMessageTest" time="2.567"/>
  <system-out/>
</testsuite> <!-- com.automation.test.NotificationMessage -->
